{
  "stats": {
    "suites": 1,
    "tests": 1,
    "passes": 1,
    "pending": 0,
    "failures": 0,
    "start": "2021-12-05T12:58:17.490Z",
    "end": "2021-12-05T12:58:24.630Z",
    "duration": 7140,
    "testsRegistered": 1,
    "passPercent": 100,
    "pendingPercent": 0,
    "other": 0,
    "hasOther": false,
    "skipped": 0,
    "hasSkipped": false
  },
  "results": [
    {
      "uuid": "4e292bc2-86e4-4f4c-a55d-9ddd3e603e72",
      "title": "",
      "fullFile": "cypress/integration/cadastro.spec.js",
      "file": "cypress/integration/cadastro.spec.js",
      "beforeHooks": [],
      "afterHooks": [],
      "tests": [],
      "suites": [
        {
          "uuid": "b3022464-da00-4e6e-889d-2ba218794650",
          "title": "Cadastro",
          "fullFile": "",
          "file": "",
          "beforeHooks": [],
          "afterHooks": [],
          "tests": [
            {
              "title": "Quanto eu informar os dados e finalizar, então o cadastro deve ser efetuado",
              "fullTitle": "Cadastro Quanto eu informar os dados e finalizar, então o cadastro deve ser efetuado",
              "timedOut": null,
              "duration": 5213,
              "state": "passed",
              "speed": "medium",
              "pass": true,
              "fail": false,
              "pending": false,
              "context": null,
              "code": "cy.visit('https://form-agilizei.netlify.app/'); // Inputs de texto / textarea / email -> type\ncy.get('input[name=firstName]').type(chance.first());\ncy.get('input[name=lastName]').type(chance.last());\ncy.get('textarea[name=adress').type(chance.address());\ncy.get('input[name=emailAdress]').type(chance.email()); //Inputs radio / checkboxes -> check\ncy.get('input[value=m]').check();\ncy.get('input[type=checkbox]').check('Netflix');\ncy.get('input[type=checkbox]').check('Dormir'); //Inputs do tipo combobox / select -> select \ncy.get('select#countries').select('Dinamarca', {\n  force: true\n});\ncy.get('select#years').select('2006', {\n  force: true\n});\ncy.get('select#months').select('Abril', {\n  force: true\n});\ncy.get('select#days').select('10', {\n  force: true\n}); //Inputs de senha -> type\ncy.get('input#firstpassword').type('Alunos@2021');\ncy.get('input#secondpassword').type('Alunos@2021'); //Inputs do tipo button\ncy.contains('Finalizar cadastro').click(); // espero que minha aplicacao seja direcionada para listagem\n// url\n// should contain listagem\ncy.url().should('contain', 'listagem');",
              "err": {},
              "uuid": "f39921eb-95bb-4619-a97c-e412c0825e80",
              "parentUUID": "b3022464-da00-4e6e-889d-2ba218794650",
              "isHook": false,
              "skipped": false
            }
          ],
          "suites": [],
          "passes": [
            "f39921eb-95bb-4619-a97c-e412c0825e80"
          ],
          "failures": [],
          "pending": [],
          "skipped": [],
          "duration": 5213,
          "root": false,
          "rootEmpty": false,
          "_timeout": 2000
        }
      ],
      "passes": [],
      "failures": [],
      "pending": [],
      "skipped": [],
      "duration": 0,
      "root": true,
      "rootEmpty": true,
      "_timeout": 2000
    }
  ],
  "meta": {
    "mocha": {
      "version": "7.0.1"
    },
    "mochawesome": {
      "options": {
        "quiet": true,
        "reportFilename": "mochawesome",
        "saveHtml": false,
        "saveJson": true,
        "consoleReporter": "spec",
        "useInlineDiffs": false,
        "code": true
      },
      "version": "7.0.1"
    },
    "marge": {
      "options": {
        "id": "default",
        "reportDir": "mochawesome-report",
        "quiet": true,
        "overwrite": false,
        "html": false,
        "json": true
      },
      "version": "6.0.1"
    }
  }
}