{
  "stats": {
    "suites": 1,
    "tests": 2,
    "passes": 2,
    "pending": 0,
    "failures": 0,
    "start": "2021-12-05T12:58:29.052Z",
    "end": "2021-12-05T12:58:31.479Z",
    "duration": 2427,
    "testsRegistered": 2,
    "passPercent": 100,
    "pendingPercent": 0,
    "other": 0,
    "hasOther": false,
    "skipped": 0,
    "hasSkipped": false
  },
  "results": [
    {
      "uuid": "c4e3851c-ade9-44ce-945c-6dc6f4623c48",
      "title": "",
      "fullFile": "cypress/integration/listagem.spec.js",
      "file": "cypress/integration/listagem.spec.js",
      "beforeHooks": [],
      "afterHooks": [],
      "tests": [],
      "suites": [
        {
          "uuid": "0033a9fe-7b37-495d-be63-6d7b43cc4f02",
          "title": "Listagem",
          "fullFile": "",
          "file": "",
          "beforeHooks": [],
          "afterHooks": [],
          "tests": [
            {
              "title": "Quando não houver cadastros, entào a listagem deve estar vazia",
              "fullTitle": "Listagem Quando não houver cadastros, entào a listagem deve estar vazia",
              "timedOut": null,
              "duration": 578,
              "state": "passed",
              "speed": "fast",
              "pass": true,
              "fail": false,
              "pending": false,
              "context": null,
              "code": "cy.fixture('listagem-vazia').then(data => {\n  window.localStorage.setItem('data', JSON.stringify(data));\n});\ncy.visit('https://form-agilizei.netlify.app/listagem.html'); // deve conter o tamanho\ncy.get('table tbody tr').should('have.length', 0);",
              "err": {},
              "uuid": "f94dd5f5-99eb-4222-8a1f-b5d1aaa0d9b4",
              "parentUUID": "0033a9fe-7b37-495d-be63-6d7b43cc4f02",
              "isHook": false,
              "skipped": false
            },
            {
              "title": "Quando houver um ou mais cadastros, entào a listagem deve exibir cada resgitros",
              "fullTitle": "Listagem Quando houver um ou mais cadastros, entào a listagem deve exibir cada resgitros",
              "timedOut": null,
              "duration": 337,
              "state": "passed",
              "speed": "fast",
              "pass": true,
              "fail": false,
              "pending": false,
              "context": null,
              "code": "cy.fixture('listagem-com-itens').then(data => {\n  window.localStorage.setItem('data', JSON.stringify(data));\n});\ncy.visit('https://form-agilizei.netlify.app/listagem.html'); // deve conter o tamanho\ncy.get('table tbody tr').should('have.length', 2);",
              "err": {},
              "uuid": "8317beff-d094-4662-b48f-da0717a2b324",
              "parentUUID": "0033a9fe-7b37-495d-be63-6d7b43cc4f02",
              "isHook": false,
              "skipped": false
            }
          ],
          "suites": [],
          "passes": [
            "f94dd5f5-99eb-4222-8a1f-b5d1aaa0d9b4",
            "8317beff-d094-4662-b48f-da0717a2b324"
          ],
          "failures": [],
          "pending": [],
          "skipped": [],
          "duration": 915,
          "root": false,
          "rootEmpty": false,
          "_timeout": 2000
        }
      ],
      "passes": [],
      "failures": [],
      "pending": [],
      "skipped": [],
      "duration": 0,
      "root": true,
      "rootEmpty": true,
      "_timeout": 2000
    }
  ],
  "meta": {
    "mocha": {
      "version": "7.0.1"
    },
    "mochawesome": {
      "options": {
        "quiet": true,
        "reportFilename": "mochawesome",
        "saveHtml": false,
        "saveJson": true,
        "consoleReporter": "spec",
        "useInlineDiffs": false,
        "code": true
      },
      "version": "7.0.1"
    },
    "marge": {
      "options": {
        "id": "default",
        "reportDir": "mochawesome-report",
        "quiet": true,
        "overwrite": false,
        "html": false,
        "json": true
      },
      "version": "6.0.1"
    }
  }
}